<?xml version="1.0" encoding="UTF-8"?>
<!-- Generated by org.testng.reporters.JUnitXMLReporter -->
<testsuite ignored="0" hostname="EN310449" failures="1" tests="1" name="Surefire test" time="1.836" errors="0" timestamp="2023-09-07T22:48:09 CEST">
  <testcase classname="org.endava.ai.test_automation.tests.DummyTestNGAITest" name="example1" time="0.006">
    <failure type="java.lang.RuntimeException" message="The sum should not be negative">
      <![CDATA[java.lang.RuntimeException: The sum should not be negative
at org.endava.ai.test_automation.logic.ServiceExample.sum(ServiceExample.java:18)
at org.endava.ai.test_automation.tests.DummyTestNGAITest.example1(DummyTestNGAITest.java:48)
at java.base/java.util.ArrayList.forEach(ArrayList.java:1511)
... Removed 32 stack frames]]>
    </failure>
  </testcase> <!-- example1 -->
</testsuite> <!-- Surefire test -->
